2020/06/02 18:04:06 - datacapsule.py - 18 - INFO - 测试登录
2020/06/02 18:04:09 - base_page.py - 24 - INFO - 打开url http://data.airlook.com/
2020/06/02 18:04:23 - base_page.py - 56 - INFO - 通过class_name定位元素 active
2020/06/02 18:04:23 - datacapsule.py - 32 - INFO - 登录成功
2020/06/02 18:04:28 - base_page.py - 56 - INFO - 通过class_name定位元素 data-rank-wrap
2020/06/02 18:04:32 - base_page.py - 42 - INFO - 通过xpath定位元素 //div[@class='select']/button[last()-2]
2020/06/02 18:04:33 - base_page.py - 42 - INFO - 通过xpath定位元素 //div[@class='select']/following::button[last()-2]
2020/06/02 18:04:34 - base_page.py - 42 - INFO - 通过xpath定位元素 //div[@class='select']/button[last()-1]
2020/06/02 18:04:34 - base_page.py - 42 - INFO - 通过xpath定位元素 //div[@class='select']/following::button[last()-1]
2020/06/02 18:04:36 - base_page.py - 42 - INFO - 通过xpath定位元素 //div[@class='select']/button[last()]
2020/06/02 18:04:36 - base_page.py - 42 - INFO - 通过xpath定位元素 //div[@class='select']/following::button[last()]
2020/06/02 18:04:37 - base_page.py - 42 - INFO - 通过xpath定位元素 //ul/li[2]
2020/06/02 18:04:45 - PngImagePlugin.py - 153 - DEBUG - STREAM b'IHDR' 16 13
2020/06/02 18:04:45 - PngImagePlugin.py - 153 - DEBUG - STREAM b'sRGB' 41 1
2020/06/02 18:04:45 - PngImagePlugin.py - 153 - DEBUG - STREAM b'IDAT' 54 8192
2020/06/02 18:04:45 - PngImagePlugin.py - 153 - DEBUG - STREAM b'IHDR' 16 13
2020/06/02 18:04:45 - PngImagePlugin.py - 153 - DEBUG - STREAM b'sRGB' 41 1
2020/06/02 18:04:45 - PngImagePlugin.py - 153 - DEBUG - STREAM b'IDAT' 54 8192
2020/06/02 18:04:45 - PngImagePlugin.py - 153 - DEBUG - STREAM b'IHDR' 16 13
2020/06/02 18:04:45 - PngImagePlugin.py - 153 - DEBUG - STREAM b'sRGB' 41 1
2020/06/02 18:04:45 - PngImagePlugin.py - 153 - DEBUG - STREAM b'IDAT' 54 8192
2020/06/02 18:04:45 - PngImagePlugin.py - 153 - DEBUG - STREAM b'IHDR' 16 13
2020/06/02 18:04:45 - PngImagePlugin.py - 153 - DEBUG - STREAM b'sRGB' 41 1
2020/06/02 18:04:45 - PngImagePlugin.py - 153 - DEBUG - STREAM b'IDAT' 54 8192
2020/06/02 18:04:45 - PngImagePlugin.py - 153 - DEBUG - STREAM b'IHDR' 16 13
2020/06/02 18:04:45 - PngImagePlugin.py - 153 - DEBUG - STREAM b'sRGB' 41 1
2020/06/02 18:04:45 - PngImagePlugin.py - 153 - DEBUG - STREAM b'IDAT' 54 8192
2020/06/02 18:04:45 - PngImagePlugin.py - 153 - DEBUG - STREAM b'IHDR' 16 13
2020/06/02 18:04:45 - PngImagePlugin.py - 153 - DEBUG - STREAM b'sRGB' 41 1
2020/06/02 18:04:45 - PngImagePlugin.py - 153 - DEBUG - STREAM b'IDAT' 54 8192
