2020/06/02 17:15:49 - datacapsule.py - 18 - INFO - 测试登录
2020/06/02 17:15:52 - base_page.py - 24 - INFO - 打开url http://data.airlook.com/
2020/06/02 17:16:07 - base_page.py - 56 - INFO - 通过class_name定位元素 active
2020/06/02 17:16:07 - datacapsule.py - 32 - INFO - 登录成功
2020/06/02 17:16:11 - base_page.py - 56 - INFO - 通过class_name定位元素 data-rank-wrap
2020/06/02 17:16:16 - base_page.py - 42 - INFO - 通过xpath定位元素 //div[@class='select']/button[last()-2]
2020/06/02 17:16:16 - base_page.py - 42 - INFO - 通过xpath定位元素 //div[@class='select']/following::button[last()-2]
2020/06/02 17:16:18 - base_page.py - 42 - INFO - 通过xpath定位元素 //div[@class='select']/button[last()-1]
2020/06/02 17:16:18 - base_page.py - 42 - INFO - 通过xpath定位元素 //div[@class='select']/following::button[last()-1]
2020/06/02 17:16:19 - base_page.py - 42 - INFO - 通过xpath定位元素 //div[@class='select']/button[last()]
2020/06/02 17:16:19 - base_page.py - 42 - INFO - 通过xpath定位元素 //div[@class='select']/following::button[last()]
2020/06/02 17:16:20 - base_page.py - 42 - INFO - 通过xpath定位元素 //ul/li[2]
2020/06/02 17:16:28 - PngImagePlugin.py - 153 - DEBUG - STREAM b'IHDR' 16 13
2020/06/02 17:16:28 - PngImagePlugin.py - 153 - DEBUG - STREAM b'sRGB' 41 1
2020/06/02 17:16:28 - PngImagePlugin.py - 153 - DEBUG - STREAM b'IDAT' 54 8192
2020/06/02 17:16:28 - PngImagePlugin.py - 153 - DEBUG - STREAM b'IHDR' 16 13
2020/06/02 17:16:28 - PngImagePlugin.py - 153 - DEBUG - STREAM b'sRGB' 41 1
2020/06/02 17:16:28 - PngImagePlugin.py - 153 - DEBUG - STREAM b'IDAT' 54 8192
2020/06/02 17:16:28 - PngImagePlugin.py - 153 - DEBUG - STREAM b'IHDR' 16 13
2020/06/02 17:16:28 - PngImagePlugin.py - 153 - DEBUG - STREAM b'sRGB' 41 1
2020/06/02 17:16:28 - PngImagePlugin.py - 153 - DEBUG - STREAM b'IDAT' 54 8192
2020/06/02 17:16:28 - PngImagePlugin.py - 153 - DEBUG - STREAM b'IHDR' 16 13
2020/06/02 17:16:28 - PngImagePlugin.py - 153 - DEBUG - STREAM b'sRGB' 41 1
2020/06/02 17:16:28 - PngImagePlugin.py - 153 - DEBUG - STREAM b'IDAT' 54 8192
2020/06/02 17:16:28 - PngImagePlugin.py - 153 - DEBUG - STREAM b'IHDR' 16 13
2020/06/02 17:16:28 - PngImagePlugin.py - 153 - DEBUG - STREAM b'sRGB' 41 1
2020/06/02 17:16:28 - PngImagePlugin.py - 153 - DEBUG - STREAM b'IDAT' 54 8192
2020/06/02 17:16:28 - PngImagePlugin.py - 153 - DEBUG - STREAM b'IHDR' 16 13
2020/06/02 17:16:28 - PngImagePlugin.py - 153 - DEBUG - STREAM b'sRGB' 41 1
2020/06/02 17:16:28 - PngImagePlugin.py - 153 - DEBUG - STREAM b'IDAT' 54 8192
