2020/06/03 14:30:07 - datacapsule.py - 18 - INFO - 测试登录
2020/06/03 14:30:13 - base_page.py - 26 - INFO - 打开url http://data.airlook.com/
2020/06/03 14:30:26 - base_page.py - 58 - INFO - 通过class_name定位元素 active
2020/06/03 14:30:26 - datacapsule.py - 32 - INFO - 登录成功
2020/06/03 14:30:26 - base_page.py - 58 - INFO - 通过class_name定位元素 data-rank-wrap
2020/06/03 14:30:27 - base_page.py - 44 - INFO - 通过xpath定位元素 //div[@class='select']/button[last()-2]
2020/06/03 14:30:27 - base_page.py - 44 - INFO - 通过xpath定位元素 //div[@class='select']/following::button[last()-2]
2020/06/03 14:30:28 - base_page.py - 44 - INFO - 通过xpath定位元素 //div[@class='select']/button[last()-1]
2020/06/03 14:30:28 - base_page.py - 44 - INFO - 通过xpath定位元素 //div[@class='select']/following::button[last()-1]
2020/06/03 14:30:30 - base_page.py - 44 - INFO - 通过xpath定位元素 //div[@class='select']/button[last()]
2020/06/03 14:30:30 - base_page.py - 44 - INFO - 通过xpath定位元素 //div[@class='select']/following::button[last()]
2020/06/03 14:30:31 - base_page.py - 44 - INFO - 通过xpath定位元素 //ul/li[2]
2020/06/03 14:30:36 - PngImagePlugin.py - 153 - DEBUG - STREAM b'IHDR' 16 13
2020/06/03 14:30:36 - PngImagePlugin.py - 153 - DEBUG - STREAM b'sRGB' 41 1
2020/06/03 14:30:36 - PngImagePlugin.py - 153 - DEBUG - STREAM b'IDAT' 54 8192
2020/06/03 14:30:36 - PngImagePlugin.py - 153 - DEBUG - STREAM b'IHDR' 16 13
2020/06/03 14:30:36 - PngImagePlugin.py - 153 - DEBUG - STREAM b'sRGB' 41 1
2020/06/03 14:30:36 - PngImagePlugin.py - 153 - DEBUG - STREAM b'IDAT' 54 8192
2020/06/03 14:30:36 - PngImagePlugin.py - 153 - DEBUG - STREAM b'IHDR' 16 13
2020/06/03 14:30:36 - PngImagePlugin.py - 153 - DEBUG - STREAM b'sRGB' 41 1
2020/06/03 14:30:36 - PngImagePlugin.py - 153 - DEBUG - STREAM b'IDAT' 54 8192
2020/06/03 14:30:36 - PngImagePlugin.py - 153 - DEBUG - STREAM b'IHDR' 16 13
2020/06/03 14:30:36 - PngImagePlugin.py - 153 - DEBUG - STREAM b'sRGB' 41 1
2020/06/03 14:30:36 - PngImagePlugin.py - 153 - DEBUG - STREAM b'IDAT' 54 8192
2020/06/03 14:30:36 - PngImagePlugin.py - 153 - DEBUG - STREAM b'IHDR' 16 13
2020/06/03 14:30:36 - PngImagePlugin.py - 153 - DEBUG - STREAM b'sRGB' 41 1
2020/06/03 14:30:36 - PngImagePlugin.py - 153 - DEBUG - STREAM b'IDAT' 54 8192
2020/06/03 14:30:36 - PngImagePlugin.py - 153 - DEBUG - STREAM b'IHDR' 16 13
2020/06/03 14:30:36 - PngImagePlugin.py - 153 - DEBUG - STREAM b'sRGB' 41 1
2020/06/03 14:30:36 - PngImagePlugin.py - 153 - DEBUG - STREAM b'IDAT' 54 8192
